Drill Listing
=============
Drill: .01575  Tool: 1  Feed: 95  Speed: 300
X 132228  Y 165662
X 132228  Y 175662
X 132228  Y 185662
X 177678  Y 215269
X 167678  Y 215269
X 187678  Y 215269

Drill: .022  Tool: 2  Feed: 197  Speed: 550
X 128109  Y 122000
X 116087  Y 136371
X 145165  Y 137487
X 160680  Y 142354
X 155350  Y 154438
X 149125  Y 157625
X 160287  Y 158776
X 143000  Y 165000
X 123827  Y 175676
X 145852  Y 209053
X 142296  Y 215233
X 138965  Y 220952
X 120904  Y 224800
X 133498  Y 224800
X 174832  Y 234967
X 181232  Y 234948
X 181623  Y 227220
X 175853  Y 208739
X 179114  Y 202950
X 184881  Y 172183
X 178000  Y 167000
X 184645  Y 159055
X 178245  Y 156807
X 181634  Y 112169
X 222000  Y 110047
X 238197  Y 117108
X 204000  Y 118047
X 238202  Y 122708
X 200346  Y 141534
X 223210  Y 165739
X 200236  Y 175483
X 193419  Y 179970
X 193249  Y 186391
X 220200  Y 186900
X 201000  Y 187000
X 222000  Y 204000
X 251864  Y 204852
X 252000  Y 194000
X 253966  Y 160084
X 246528  Y 159983
X 251000  Y 154000
X 253000  Y 147000
X 247975  Y 142273
X 253972  Y 140006
X 244595  Y 136662

Drill: .03346  Tool: 3  Feed: 197  Speed: 550
X 131483  Y 107037
X 121483  Y 107037
X 154423  Y 131052
X 154423  Y 141052
X 155200  Y 208300
X 155200  Y 216174
X 155200  Y 224048
X 155200  Y 231922
X 155200  Y 239796
X 155200  Y 247670
X 155200  Y 255544
X 155200  Y 263418
X 155200  Y 271292
X 155200  Y 279166
X 241814  Y 279166
X 241814  Y 271292
X 241814  Y 263418
X 241814  Y 255544
X 241814  Y 247670
X 241814  Y 239796
X 241814  Y 231922
X 241814  Y 224048
X 241814  Y 216174
X 241814  Y 208300
X 170606  Y 128794
X 170862  Y 117493
X 279121  Y 213959
X 279121  Y 223959
X 266700  Y 246210
X 266700  Y 259989

Drill: .04134  Tool: 4  Feed: 139  Speed: 550
X 194380  Y 155523
X 204380  Y 155523
X 214380  Y 155523
X 194380  Y 165523
X 214380  Y 165523
X 204380  Y 165523
X 264024  Y 204390
X 264024  Y 194390
X 264024  Y 184390
X 264024  Y 174390
X 264024  Y 164390
X 264024  Y 154390
X 264024  Y 144390
X 264024  Y 134390
X 264024  Y 124390
X 264024  Y 114390
X 274024  Y 114390
X 274024  Y 124390
X 274024  Y 134390
X 274024  Y 144390
X 274024  Y 154390
X 274024  Y 164390
X 274024  Y 174390
X 274024  Y 184390
X 274024  Y 194390
X 274024  Y 204390

End of Listing
